<?xml version="1.0" encoding="UTF-8"?>
<testsuite name="Register" tests="1" skipped="0" failures="0" errors="0" timestamp="2021-12-13T06:02:05" hostname="LSTKBO220164" time="36.945">
  <properties/>
  <testcase name="Register on The Website" classname="Register" time="36.945"/>
  <system-out><![CDATA[01:02:05.840 [Test worker] INFO io.cucumber.core.plugin.SerenityReporter - Running feature from file:///C:/Users/miguel.califa/Desktop/serenitybddrestinspanishtrainingv2/src/test/resources/features/Register/RegisterForm.feature
01:02:05.840 [Test worker] INFO  - 
  _____   ___   ___   _____     ___   _____     _     ___   _____   ___   ___  
 |_   _| | __| / __| |_   _|   / __| |_   _|   /_\   | _ \ |_   _| | __| |   \ 
   | |   | _|  \__ \   | |     \__ \   | |    / _ \  |   /   | |   | _|  | |) |
   |_|   |___| |___/   |_|     |___/   |_|   /_/ \_\ |_|_\   |_|   |___| |___/ 

Register on The Website(register;register-on-the-website)
--------------------------------------------------------------------------------
01:02:05.887 [Test worker] DEBUG net.thucydides.core.steps.StepInterceptor - STARTING STEP: RegisterFormStepDefinition.on_the_automationpractice_homepage - !#title
01:02:05.887 [Test worker] DEBUG net.thucydides.core.steps.StepInterceptor - STARTING STEP: RegisterFormStepDefinition.on_the_automationpractice_homepage - {0} opens the #targetPageName
01:02:05.924 [Test worker] INFO net.serenitybdd.core.webdriver.driverproviders.ChromeDriverProvider - Using automatically driver download
01:02:05.924 [Test worker] DEBUG io.github.bonigarcia.wdm.cache.ResolutionCache - Resolution chrome=96 in cache (valid until 01:22:36 13/12/2021 COT)
01:02:05.924 [Test worker] DEBUG io.github.bonigarcia.wdm.cache.ResolutionCache - Resolution chrome96=96.0.4664.45 in cache (valid until 13:16:29 13/12/2021 COT)
01:02:05.924 [Test worker] INFO io.github.bonigarcia.wdm.WebDriverManager - Using chromedriver 96.0.4664.45 (resolved driver for Chrome 96)
01:02:05.940 [Test worker] DEBUG io.github.bonigarcia.wdm.WebDriverManager - Driver chromedriver 96.0.4664.45 found in cache
01:02:05.940 [Test worker] INFO io.github.bonigarcia.wdm.WebDriverManager - Exporting webdriver.chrome.driver as C:\Users\miguel.califa\.cache\selenium\chromedriver\win32\96.0.4664.45\chromedriver.exe
01:02:06.310 [Test worker] INFO net.serenitybdd.core.webdriver.driverproviders.ProvideNewDriver - Instantiating driver
01:02:06.310 [Test worker] INFO net.serenitybdd.core.webdriver.driverproviders.ProvideNewDriver - Driver capabilities: Capabilities {acceptInsecureCerts: false, browserName: chrome, chrome.switches: --start-maximized;--test-ty..., goog:chromeOptions: {args: [--start-maximized, --test-type, --no-sandbox, --ignore-certificate-errors..., --disable-popup-blocking, --disable-default-apps, --disable-extensions-file-a..., --incognito, --disable-infobars, --disable-gpu], extensions: []}, loggingPrefs: org.openqa.selenium.logging...}
01:02:36.446 [Test worker] DEBUG net.serenitybdd.core.photography.Darkroom - Opening darkroom
01:02:36.446 [Darkroom Processing Line] DEBUG net.serenitybdd.core.photography.DarkroomProcessingLine - Darkroom processing line starting up
01:02:36.981 [Test worker] DEBUG net.serenitybdd.core.photography.Darkroom - Send negative for processing for C:\Users\miguel.califa\Desktop\serenitybddrestinspanishtrainingv2\target\site\serenity\21c2ff3ba4d9e2b0359f7c6b6590bc28d2d324c2b2eaa7b3bb371c96d53bc616.png
01:02:36.982 [Test worker] DEBUG net.thucydides.core.steps.StepInterceptor - STEP DONE: {0} opens the #targetPageName
01:02:37.002 [Test worker] DEBUG net.thucydides.core.steps.StepInterceptor - STEP DONE: !#title
01:02:37.008 [Test worker] DEBUG net.thucydides.core.steps.StepInterceptor - STARTING STEP: RegisterFormStepDefinition.on_the_automationpractice_homepage - !#title
01:02:37.023 [Test worker] DEBUG net.thucydides.core.steps.StepInterceptor - STARTING STEP: RegisterFormStepDefinition.on_the_automationpractice_homepage - {0} clicks on #locators
01:02:40.054 [Test worker] DEBUG net.serenitybdd.core.photography.Darkroom - Send negative for processing for C:\Users\miguel.califa\Desktop\serenitybddrestinspanishtrainingv2\target\site\serenity\ed267ce3f8aa65b8d996aa55503e51b5a45660d76773fcc3f82ff0b771b14aed.png
01:02:40.054 [Test worker] DEBUG net.thucydides.core.steps.StepInterceptor - STEP DONE: {0} clicks on #locators
01:02:40.069 [Test worker] DEBUG net.thucydides.core.steps.StepInterceptor - STEP DONE: !#title
01:02:40.101 [Test worker] DEBUG net.thucydides.core.steps.StepInterceptor - STARTING STEP: RegisterFormStepDefinition.writingEmailOnForm - !#title
01:02:40.349 [Test worker] DEBUG net.serenitybdd.core.photography.Darkroom - Send negative for processing for C:\Users\miguel.califa\Desktop\serenitybddrestinspanishtrainingv2\target\site\serenity\ed267ce3f8aa65b8d996aa55503e51b5a45660d76773fcc3f82ff0b771b14aed.png
01:02:40.349 [Test worker] DEBUG net.thucydides.core.steps.StepInterceptor - STARTING STEP: RegisterFormStepDefinition.writingEmailOnForm - {0} clears field #locators
01:02:40.850 [Test worker] DEBUG net.serenitybdd.core.photography.Darkroom - Send negative for processing for C:\Users\miguel.califa\Desktop\serenitybddrestinspanishtrainingv2\target\site\serenity\263b8e6baa3b688c45674df266fd5be7b85fa3673d32eab50b8a6c793c5aefc2.png
01:02:40.850 [Darkroom Processing Line] DEBUG net.serenitybdd.core.photography.DarkroomProcessingLine - Processing screenshot image in /var/screenshots/screenshot-16307315276266267947
01:02:40.850 [Test worker] DEBUG net.thucydides.core.steps.StepInterceptor - STEP DONE: {0} clears field #locators
01:02:40.850 [Darkroom Processing Line] DEBUG net.serenitybdd.core.photography.DarkroomProcessingLine - Saving screenshot to C:\Users\miguel.califa\Desktop\serenitybddrestinspanishtrainingv2\target\site\serenity\263b8e6baa3b688c45674df266fd5be7b85fa3673d32eab50b8a6c793c5aefc2.png
01:02:40.866 [Test worker] DEBUG net.thucydides.core.steps.StepInterceptor - STARTING STEP: RegisterFormStepDefinition.writingEmailOnForm - {0} enters #theTextAsAString into #locatorNames
01:02:41.228 [Test worker] DEBUG net.serenitybdd.core.photography.Darkroom - Send negative for processing for C:\Users\miguel.califa\Desktop\serenitybddrestinspanishtrainingv2\target\site\serenity\27908b6f69f492d0431438861c4143b6daaff25351d5b4c20058af1ec7ae0122.png
01:02:41.228 [Test worker] DEBUG net.thucydides.core.steps.StepInterceptor - STEP DONE: {0} enters #theTextAsAString into #locatorNames
01:02:41.228 [Darkroom Processing Line] DEBUG net.serenitybdd.core.photography.DarkroomProcessingLine - Processing screenshot image in /var/screenshots/screenshot-17887942222535012407
01:02:41.228 [Darkroom Processing Line] DEBUG net.serenitybdd.core.photography.DarkroomProcessingLine - Saving screenshot to C:\Users\miguel.califa\Desktop\serenitybddrestinspanishtrainingv2\target\site\serenity\27908b6f69f492d0431438861c4143b6daaff25351d5b4c20058af1ec7ae0122.png
01:02:41.244 [Test worker] DEBUG net.thucydides.core.steps.StepInterceptor - STARTING STEP: RegisterFormStepDefinition.writingEmailOnForm - {0} clicks on #locators
01:02:41.768 [Test worker] DEBUG net.serenitybdd.core.photography.Darkroom - Send negative for processing for C:\Users\miguel.califa\Desktop\serenitybddrestinspanishtrainingv2\target\site\serenity\9f03ca478a44c459bf1740b79b6a6512b85f5ac09456b3c3e40a8b5c291412c7.png
01:02:41.768 [Test worker] DEBUG net.thucydides.core.steps.StepInterceptor - STEP DONE: {0} clicks on #locators
01:02:41.768 [Darkroom Processing Line] DEBUG net.serenitybdd.core.photography.DarkroomProcessingLine - Processing screenshot image in /var/screenshots/screenshot-16083553068656518233
01:02:41.768 [Darkroom Processing Line] DEBUG net.serenitybdd.core.photography.DarkroomProcessingLine - Saving screenshot to C:\Users\miguel.califa\Desktop\serenitybddrestinspanishtrainingv2\target\site\serenity\9f03ca478a44c459bf1740b79b6a6512b85f5ac09456b3c3e40a8b5c291412c7.png
01:02:41.783 [Test worker] DEBUG net.thucydides.core.steps.StepInterceptor - STEP DONE: !#title
01:02:41.814 [Test worker] DEBUG net.serenitybdd.screenplay.targets.IFrameSwitcher - default content already selected for By.cssSelector: .alert
01:02:42.099 [Test worker] DEBUG net.serenitybdd.core.photography.Darkroom - Send negative for processing for C:\Users\miguel.califa\Desktop\serenitybddrestinspanishtrainingv2\target\site\serenity\36deb3794eb3c604a4951d5dfa7e6a3ba8f890f4c82246f44afbee60dc5e0af1.png
01:02:42.099 [Darkroom Processing Line] DEBUG net.serenitybdd.core.photography.DarkroomProcessingLine - Processing screenshot image in /var/screenshots/screenshot-12531254900037302369
01:02:42.099 [Darkroom Processing Line] DEBUG net.serenitybdd.core.photography.DarkroomProcessingLine - Saving screenshot to C:\Users\miguel.califa\Desktop\serenitybddrestinspanishtrainingv2\target\site\serenity\36deb3794eb3c604a4951d5dfa7e6a3ba8f890f4c82246f44afbee60dc5e0af1.png
01:02:42.769 [Test worker] INFO  - 
  _____   ___   ___   _____     ___     _     ___   ___   ___   ___  
 |_   _| | __| / __| |_   _|   | _ \   /_\   / __| / __| | __| |   \ 
   | |   | _|  \__ \   | |     |  _/  / _ \  \__ \ \__ \ | _|  | |) |
   |_|   |___| |___/   |_|     |_|   /_/ \_\ |___/ |___/ |___| |___/ 

Register on The Website
----------------------------------------------------------------------
]]></system-out>
  <system-err><![CDATA[Starting ChromeDriver 96.0.4664.45 (76e4c1bb2ab4671b8beba3444e61c0f17584b2fc-refs/branch-heads/4664@{#947}) on port 8172
Only local connections are allowed.
Please see https://chromedriver.chromium.org/security-considerations for suggestions on keeping ChromeDriver safe.
ChromeDriver was started successfully.
dic. 13, 2021 1:02:07 A. M. org.openqa.selenium.remote.ProtocolHandshake createSession
INFORMACIÓN: Detected dialect: W3C
]]></system-err>
</testsuite>
